[    0.000000] Linux version 4.15.0-139-generic (buildd@lgw01-amd64-035) (gcc version 7.5.0 (Ubuntu 7.5.0-3ubuntu1~18.04)) #143-Ubuntu SMP Tue Mar 16 01:30:17 UTC 2021 (Ubuntu 4.15.0-139.143-generic 4.15.18)
[    0.000000] Command line: BOOT_IMAGE=/boot/vmlinuz-4.15.0-139-generic root=LABEL=cloudimg-rootfs ro console=tty1 console=ttyS0
[    0.000000] KERNEL supported cpus:
[    0.000000]   Intel GenuineIntel
[    0.000000]   AMD AuthenticAMD
[    0.000000]   Centaur CentaurHauls
[    0.000000] x86/fpu: Supporting XSAVE feature 0x001: 'x87 floating point registers'
[    0.000000] x86/fpu: Supporting XSAVE feature 0x002: 'SSE registers'
[    0.000000] x86/fpu: Supporting XSAVE feature 0x004: 'AVX registers'
[    0.000000] x86/fpu: xstate_offset[2]:  576, xstate_sizes[2]:  256
[    0.000000] x86/fpu: Enabled xstate features 0x7, context size is 832 bytes, using 'standard' format.
[    0.000000] e820: BIOS-provided physical RAM map:
[    0.000000] BIOS-e820: [mem 0x0000000000000000-0x000000000009fbff] usable
[    0.000000] BIOS-e820: [mem 0x000000000009fc00-0x000000000009ffff] reserved
[    0.000000] BIOS-e820: [mem 0x00000000000f0000-0x00000000000fffff] reserved
[    0.000000] BIOS-e820: [mem 0x0000000000100000-0x000000003ffeffff] usable
[    0.000000] BIOS-e820: [mem 0x000000003fff0000-0x000000003fffffff] ACPI data
[    0.000000] BIOS-e820: [mem 0x00000000fec00000-0x00000000fec00fff] reserved
[    0.000000] BIOS-e820: [mem 0x00000000fee00000-0x00000000fee00fff] reserved
[    0.000000] BIOS-e820: [mem 0x00000000fffc0000-0x00000000ffffffff] reserved
[    0.000000] NX (Execute Disable) protection: active
[    0.000000] SMBIOS 2.5 present.
[    0.000000] DMI: innotek GmbH VirtualBox/VirtualBox, BIOS VirtualBox 12/01/2006
[    0.000000] Hypervisor detected: KVM
[    0.000000] e820: last_pfn = 0x3fff0 max_arch_pfn = 0x400000000
[    0.000000] MTRR: Disabled
[    0.000000] x86/PAT: MTRRs disabled, skipping PAT initialization too.
[    0.000000] CPU MTRRs all blank - virtualized system.
[    0.000000] x86/PAT: Configuration [0-7]: WB  WT  UC- UC  WB  WT  UC- UC  
[    0.000000] found SMP MP-table at [mem 0x0009fff0-0x0009ffff]
[    0.000000] Scanning 1 areas for low memory corruption
[    0.000000] RAMDISK: [mem 0x35a61000-0x36d27fff]
[    0.000000] ACPI: Early table checksum verification disabled
[    0.000000] ACPI: RSDP 0x00000000000E0000 000024 (v02 VBOX  )
[    0.000000] ACPI: XSDT 0x000000003FFF0030 00003C (v01 VBOX   VBOXXSDT 00000001 ASL  00000061)
[    0.000000] ACPI: FACP 0x000000003FFF00F0 0000F4 (v04 VBOX   VBOXFACP 00000001 ASL  00000061)
[    0.000000] ACPI: DSDT 0x000000003FFF0470 002325 (v02 VBOX   VBOXBIOS 00000002 INTL 20181213)
[    0.000000] ACPI: FACS 0x000000003FFF0200 000040
[    0.000000] ACPI: FACS 0x000000003FFF0200 000040
[    0.000000] ACPI: APIC 0x000000003FFF0240 00005C (v02 VBOX   VBOXAPIC 00000001 ASL  00000061)
[    0.000000] ACPI: SSDT 0x000000003FFF02A0 0001CC (v01 VBOX   VBOXCPUT 00000002 INTL 20181213)
[    0.000000] No NUMA configuration found
[    0.000000] Faking a node at [mem 0x0000000000000000-0x000000003ffeffff]
[    0.000000] NODE_DATA(0) allocated [mem 0x3ffc5000-0x3ffeffff]
[    0.000000] kvm-clock: cpu 0, msr 0:3ff44001, primary cpu clock
[    0.000000] kvm-clock: Using msrs 4b564d01 and 4b564d00
[    0.000000] kvm-clock: using sched offset of 3663084654 cycles
[    0.000000] clocksource: kvm-clock: mask: 0xffffffffffffffff max_cycles: 0x1cd42e4dffb, max_idle_ns: 881590591483 ns
[    0.000000] Zone ranges:
[    0.000000]   DMA      [mem 0x0000000000001000-0x0000000000ffffff]
[    0.000000]   DMA32    [mem 0x0000000001000000-0x000000003ffeffff]
[    0.000000]   Normal   empty
[    0.000000]   Device   empty
[    0.000000] Movable zone start for each node
[    0.000000] Early memory node ranges
[    0.000000]   node   0: [mem 0x0000000000001000-0x000000000009efff]
[    0.000000]   node   0: [mem 0x0000000000100000-0x000000003ffeffff]
[    0.000000] Reserved but unavailable: 98 pages
[    0.000000] Initmem setup node 0 [mem 0x0000000000001000-0x000000003ffeffff]
[    0.000000] ACPI: PM-Timer IO Port: 0x4008
[    0.000000] IOAPIC[0]: apic_id 2, version 32, address 0xfec00000, GSI 0-23
[    0.000000] ACPI: INT_SRC_OVR (bus 0 bus_irq 0 global_irq 2 dfl dfl)
[    0.000000] ACPI: INT_SRC_OVR (bus 0 bus_irq 9 global_irq 9 low level)
[    0.000000] Using ACPI (MADT) for SMP configuration information
[    0.000000] smpboot: Allowing 2 CPUs, 0 hotplug CPUs
[    0.000000] PM: Registered nosave memory: [mem 0x00000000-0x00000fff]
[    0.000000] PM: Registered nosave memory: [mem 0x0009f000-0x0009ffff]
[    0.000000] PM: Registered nosave memory: [mem 0x000a0000-0x000effff]
[    0.000000] PM: Registered nosave memory: [mem 0x000f0000-0x000fffff]
[    0.000000] e820: [mem 0x40000000-0xfebfffff] available for PCI devices
[    0.000000] Booting paravirtualized kernel on KVM
[    0.000000] clocksource: refined-jiffies: mask: 0xffffffff max_cycles: 0xffffffff, max_idle_ns: 7645519600211568 ns
[    0.000000] random: get_random_bytes called from start_kernel+0x99/0x500 with crng_init=0
[    0.000000] setup_percpu: NR_CPUS:8192 nr_cpumask_bits:2 nr_cpu_ids:2 nr_node_ids:1
[    0.000000] percpu: Embedded 45 pages/cpu s147456 r8192 d28672 u1048576
[    0.000000] PV qspinlock hash table entries: 256 (order: 0, 4096 bytes)
[    0.000000] Built 1 zonelists, mobility grouping on.  Total pages: 257913
[    0.000000] Policy zone: DMA32
[    0.000000] Kernel command line: BOOT_IMAGE=/boot/vmlinuz-4.15.0-139-generic root=LABEL=cloudimg-rootfs ro console=tty1 console=ttyS0
[    0.000000] Memory: 983016K/1048120K available (12300K kernel code, 2483K rwdata, 4276K rodata, 2440K init, 2724K bss, 65104K reserved, 0K cma-reserved)
[    0.000000] SLUB: HWalign=64, Order=0-3, MinObjects=0, CPUs=2, Nodes=1
[    0.000000] Kernel/User page tables isolation: enabled
[    0.000000] ftrace: allocating 39429 entries in 155 pages
[    0.004000] Hierarchical RCU implementation.
[    0.004000] 	RCU restricting CPUs from NR_CPUS=8192 to nr_cpu_ids=2.
[    0.004000] 	Tasks RCU enabled.
[    0.004000] RCU: Adjusting geometry for rcu_fanout_leaf=16, nr_cpu_ids=2
[    0.004000] NR_IRQS: 524544, nr_irqs: 440, preallocated irqs: 16
[    0.004000] Console: colour VGA+ 80x25
[    0.004000] console [tty1] enabled
[    0.004000] console [ttyS0] enabled
[    0.004000] ACPI: Core revision 20170831
[    0.004000] ACPI: 2 ACPI AML tables successfully acquired and loaded
[    0.004000] APIC: Switch to symmetric I/O mode setup
[    0.004000] x2apic enabled
[    0.004000] Switched APIC routing to physical x2apic.
[    0.004000] ..TIMER: vector=0x30 apic1=0 pin1=2 apic2=-1 pin2=-1
[    0.004007] tsc: Detected 2194.918 MHz processor
[    0.008016] Calibrating delay loop (skipped) preset value.. 4389.83 BogoMIPS (lpj=8779672)
[    0.009936] pid_max: default: 32768 minimum: 301
[    0.011052] Security Framework initialized
[    0.012005] Yama: becoming mindful.
[    0.012881] AppArmor: AppArmor initialized
[    0.015129] Dentry cache hash table entries: 131072 (order: 8, 1048576 bytes)
[    0.016116] Inode-cache hash table entries: 65536 (order: 7, 524288 bytes)
[    0.017774] Mount-cache hash table entries: 2048 (order: 2, 16384 bytes)
[    0.020012] Mountpoint-cache hash table entries: 2048 (order: 2, 16384 bytes)
[    0.021932] Last level iTLB entries: 4KB 64, 2MB 8, 4MB 8
[    0.023143] Last level dTLB entries: 4KB 64, 2MB 0, 4MB 0, 1GB 4
[    0.024006] Spectre V1 : Mitigation: usercopy/swapgs barriers and __user pointer sanitization
[    0.025884] Spectre V2 : Mitigation: Full generic retpoline
[    0.027270] Spectre V2 : Spectre v2 / SpectreRSB mitigation: Filling RSB on context switch
[    0.028005] Speculative Store Bypass: Vulnerable
[    0.029253] SRBDS: Unknown: Dependent on hypervisor status
[    0.030468] MDS: Vulnerable: Clear CPU buffers attempted, no microcode
[    0.032242] Freeing SMP alternatives memory: 36K
[    0.146673] smpboot: CPU0: Intel(R) Core(TM) i5-5200U CPU @ 2.20GHz (family: 0x6, model: 0x3d, stepping: 0x4)
[    0.148000] Performance Events: unsupported p6 CPU model 61 no PMU driver, software events only.
[    0.148075] Hierarchical SRCU implementation.
[    0.150476] NMI watchdog: Perf event create on CPU 0 failed with -2
[    0.152005] NMI watchdog: Perf NMI watchdog permanently disabled
[    0.153408] smp: Bringing up secondary CPUs ...
[    0.154596] x86: Booting SMP configuration:
[    0.156005] .... node  #0, CPUs:      #1
[    0.004000] kvm-clock: cpu 1, msr 0:3ff44041, secondary cpu clock
[    0.160024] smp: Brought up 1 node, 2 CPUs
[    0.161040] smpboot: Max logical packages: 1
[    0.162029] smpboot: Total of 2 processors activated (8779.67 BogoMIPS)
[    0.164011] devtmpfs: initialized
[    0.164936] x86/mm: Memory block size: 128MB
[    0.166370] evm: security.selinux
[    0.167183] evm: security.SMACK64
[    0.168008] evm: security.SMACK64EXEC
[    0.168891] evm: security.SMACK64TRANSMUTE
[    0.169852] evm: security.SMACK64MMAP
[    0.170725] evm: security.apparmor
[    0.171545] evm: security.ima
[    0.172006] evm: security.capability
[    0.172933] clocksource: jiffies: mask: 0xffffffff max_cycles: 0xffffffff, max_idle_ns: 7645041785100000 ns
[    0.174143] futex hash table entries: 512 (order: 3, 32768 bytes)
[    0.177066] pinctrl core: initialized pinctrl subsystem
[    0.178438] RTC time: 18:39:12, date: 03/25/21
[    0.180216] NET: Registered protocol family 16
[    0.181387] audit: initializing netlink subsys (disabled)
[    0.182756] audit: type=2000 audit(1616697556.934:1): state=initialized audit_enabled=0 res=1
[    0.184019] cpuidle: using governor ladder
[    0.184994] cpuidle: using governor menu
[    0.185972] ACPI: bus type PCI registered
[    0.188006] acpiphp: ACPI Hot Plug PCI Controller Driver version: 0.5
[    0.189567] PCI: Using configuration type 1 for base access
[    0.193311] HugeTLB registered 2.00 MiB page size, pre-allocated 0 pages
[    0.193549] ACPI: Added _OSI(Module Device)
[    0.196006] ACPI: Added _OSI(Processor Device)
[    0.197024] ACPI: Added _OSI(3.0 _SCP Extensions)
[    0.198105] ACPI: Added _OSI(Processor Aggregator Device)
[    0.200008] ACPI: Added _OSI(Linux-Dell-Video)
[    0.201035] ACPI: Added _OSI(Linux-Lenovo-NV-HDMI-Audio)
[    0.202219] ACPI: Added _OSI(Linux-HPI-Hybrid-Graphics)
[    0.204016] ACPI: Executed 1 blocks of module-level executable AML code
[    0.211745] ACPI: Interpreter enabled
[    0.212022] ACPI: (supports S0 S5)
[    0.212832] ACPI: Using IOAPIC for interrupt routing
[    0.214421] PCI: Using host bridge windows from ACPI; if necessary, use "pci=nocrs" and report a bug
[    0.216286] ACPI: Enabled 2 GPEs in block 00 to 07
[    0.229563] ACPI: PCI Root Bridge [PCI0] (domain 0000 [bus 00-ff])
[    0.231005] acpi PNP0A03:00: _OSC: OS supports [ASPM ClockPM Segments MSI]
[    0.233000] acpi PNP0A03:00: _OSC: not requesting OS control; OS requires [ExtendedConfig ASPM ClockPM MSI]
[    0.235140] acpi PNP0A03:00: fail to add MMCONFIG information, can't access extended PCI configuration space under this bridge.
[    0.236663] PCI host bridge to bus 0000:00
[    0.237627] pci_bus 0000:00: root bus resource [io  0x0000-0x0cf7 window]
[    0.240006] pci_bus 0000:00: root bus resource [io  0x0d00-0xffff window]
[    0.241479] pci_bus 0000:00: root bus resource [mem 0x000a0000-0x000bffff window]
[    0.244005] pci_bus 0000:00: root bus resource [mem 0x40000000-0xfdffffff window]
[    0.245693] pci_bus 0000:00: root bus resource [bus 00-ff]
[    0.249954] pci 0000:00:01.1: legacy IDE quirk: reg 0x10: [io  0x01f0-0x01f7]
[    0.251539] pci 0000:00:01.1: legacy IDE quirk: reg 0x14: [io  0x03f6]
[    0.252007] pci 0000:00:01.1: legacy IDE quirk: reg 0x18: [io  0x0170-0x0177]
[    0.254691] pci 0000:00:01.1: legacy IDE quirk: reg 0x1c: [io  0x0376]
[    0.284841] pci 0000:00:07.0: quirk: [io  0x4000-0x403f] claimed by PIIX4 ACPI
[    0.286285] pci 0000:00:07.0: quirk: [io  0x4100-0x410f] claimed by PIIX4 SMB
[    0.305933] ACPI: PCI Interrupt Link [LNKA] (IRQs 5 9 10 *11)
[    0.307264] ACPI: PCI Interrupt Link [LNKB] (IRQs 5 9 *10 11)
[    0.308150] ACPI: PCI Interrupt Link [LNKC] (IRQs 5 *9 10 11)
[    0.309314] ACPI: PCI Interrupt Link [LNKD] (IRQs 5 9 10 *11)
[    0.310803] SCSI subsystem initialized
[    0.312053] pci 0000:00:02.0: vgaarb: setting as boot VGA device
[    0.313098] pci 0000:00:02.0: vgaarb: VGA device added: decodes=io+mem,owns=io+mem,locks=none
[    0.314722] pci 0000:00:02.0: vgaarb: bridge control possible
[    0.316017] vgaarb: loaded
[    0.316635] ACPI: bus type USB registered
[    0.317412] usbcore: registered new interface driver usbfs
[    0.318403] usbcore: registered new interface driver hub
[    0.319377] usbcore: registered new device driver usb
[    0.320096] EDAC MC: Ver: 3.0.0
[    0.320919] PCI: Using ACPI for IRQ routing
[    0.321113] NetLabel: Initializing
[    0.321783] NetLabel:  domain hash size = 128
[    0.324011] NetLabel:  protocols = UNLABELED CIPSOv4 CALIPSO
[    0.325078] NetLabel:  unlabeled traffic allowed by default
[    0.326138] clocksource: Switched to clocksource kvm-clock
[    0.339541] VFS: Disk quotas dquot_6.6.0
[    0.340398] VFS: Dquot-cache hash table entries: 512 (order 0, 4096 bytes)
[    0.341759] AppArmor: AppArmor Filesystem Enabled
[    0.342670] pnp: PnP ACPI init
[    0.344375] pnp: PnP ACPI: found 3 devices
[    0.355035] clocksource: acpi_pm: mask: 0xffffff max_cycles: 0xffffff, max_idle_ns: 2085701024 ns
[    0.356785] NET: Registered protocol family 2
[    0.357991] TCP established hash table entries: 8192 (order: 4, 65536 bytes)
[    0.359271] TCP bind hash table entries: 8192 (order: 5, 131072 bytes)
[    0.361324] TCP: Hash tables configured (established 8192 bind 8192)
[    0.362750] UDP hash table entries: 512 (order: 2, 16384 bytes)
[    0.363824] UDP-Lite hash table entries: 512 (order: 2, 16384 bytes)
[    0.365355] NET: Registered protocol family 1
[    0.366223] pci 0000:00:00.0: Limiting direct PCI/PCI transfers
[    0.367382] pci 0000:00:01.0: Activating ISA DMA hang workarounds
[    0.369615] pci 0000:00:02.0: Video device with shadowed ROM at [mem 0x000c0000-0x000dffff]
[    0.371260] Unpacking initramfs...
[    0.696660] Freeing initrd memory: 19228K
[    0.697724] clocksource: tsc: mask: 0xffffffffffffffff max_cycles: 0x1fa37202099, max_idle_ns: 440795206796 ns
[    0.699208] platform rtc_cmos: registered platform RTC device (no PNP device found)
[    0.700487] Scanning for low memory corruption every 60 seconds
[    0.702457] Initialise system trusted keyrings
[    0.703328] Key type blacklist registered
[    0.704404] workingset: timestamp_bits=36 max_order=18 bucket_order=0
[    0.707380] zbud: loaded
[    0.708493] squashfs: version 4.0 (2009/01/31) Phillip Lougher
[    0.709623] fuse init (API version 7.26)
[    0.712765] Key type asymmetric registered
[    0.713453] Asymmetric key parser 'x509' registered
[    0.714266] Block layer SCSI generic (bsg) driver version 0.4 loaded (major 246)
[    0.715470] io scheduler noop registered
[    0.716168] io scheduler deadline registered
[    0.716884] io scheduler cfq registered (default)
[    0.718000] ACPI: AC Adapter [AC] (on-line)
[    0.718744] input: Power Button as /devices/LNXSYSTM:00/LNXPWRBN:00/input/input0
[    0.719953] ACPI: Power Button [PWRF]
[    0.720651] input: Sleep Button as /devices/LNXSYSTM:00/LNXSLPBN:00/input/input1
[    0.721814] ACPI: Sleep Button [SLPF]
[    0.723463] ACPI: Battery Slot [BAT0] (battery present)
[    0.724245] Serial: 8250/16550 driver, 32 ports, IRQ sharing enabled
[    0.746092] 00:02: ttyS0 at I/O 0x3f8 (irq = 4, base_baud = 115200) is a 16550A
[    0.750383] Linux agpgart interface v0.103
[    0.753414] loop: module loaded
[    0.755136] scsi host0: ata_piix
[    0.756207] scsi host1: ata_piix
[    0.757070] ata1: PATA max UDMA/33 cmd 0x1f0 ctl 0x3f6 bmdma 0xd000 irq 14
[    0.758585] ata2: PATA max UDMA/33 cmd 0x170 ctl 0x376 bmdma 0xd008 irq 15
[    0.760353] libphy: Fixed MDIO Bus: probed
[    0.761388] tun: Universal TUN/TAP device driver, 1.6
[    0.762737] PPP generic driver version 2.4.2
[    0.763816] ehci_hcd: USB 2.0 'Enhanced' Host Controller (EHCI) Driver
[    0.765312] ehci-pci: EHCI PCI platform driver
[    0.766380] ehci-platform: EHCI generic platform driver
[    0.767580] ohci_hcd: USB 1.1 'Open' Host Controller (OHCI) Driver
[    0.769002] ohci-pci: OHCI PCI platform driver
[    0.770055] ohci-platform: OHCI generic platform driver
[    0.771247] uhci_hcd: USB Universal Host Controller Interface driver
[    0.772808] i8042: PNP: PS/2 Controller [PNP0303:PS2K,PNP0f03:PS2M] at 0x60,0x64 irq 1,12
[    0.775417] serio: i8042 KBD port at 0x60,0x64 irq 1
[    0.776673] serio: i8042 AUX port at 0x60,0x64 irq 12
[    0.777971] mousedev: PS/2 mouse device common for all mice
[    0.779956] input: AT Translated Set 2 keyboard as /devices/platform/i8042/serio0/input/input2
[    0.782450] rtc_cmos rtc_cmos: rtc core: registered rtc_cmos as rtc0
[    0.783652] rtc_cmos rtc_cmos: alarms up to one day, 114 bytes nvram
[    0.785873] i2c /dev entries driver
[    0.786618] device-mapper: uevent: version 1.0.3
[    0.787776] device-mapper: ioctl: 4.37.0-ioctl (2017-09-20) initialised: dm-devel@redhat.com
[    0.789417] ledtrig-cpu: registered to indicate activity on CPUs
[    0.791034] NET: Registered protocol family 10
[    0.797415] Segment Routing with IPv6
[    0.798196] NET: Registered protocol family 17
[    0.798982] Key type dns_resolver registered
[    0.799974] mce: Using 0 MCE banks
[    0.800651] RAS: Correctable Errors collector initialized.
[    0.801480] sched_clock: Marking stable (800629542, 0)->(978628606, -177999064)
[    0.803149] registered taskstats version 1
[    0.803846] Loading compiled-in X.509 certificates
[    0.808255] Loaded X.509 cert 'Build time autogenerated kernel key: 9b9955b80c271df2d4651fb935031a2c1666e8fa'
[    0.810280] zswap: loaded using pool lzo/zbud
[    0.820340] Key type big_key registered
[    0.821179] Key type trusted registered
[    0.824106] Key type encrypted registered
[    0.825303] AppArmor: AppArmor sha1 policy hashing enabled
[    0.826581] ima: No TPM chip found, activating TPM-bypass! (rc=-19)
[    0.828059] ima: Allocated hash algorithm: sha1
[    0.829548] evm: HMAC attrs: 0x1
[    0.830705]   Magic number: 13:901:696
[    0.831833] rtc_cmos rtc_cmos: setting system clock to 2021-03-25 18:39:12 UTC (1616697552)
[    0.834077] BIOS EDD facility v0.16 2004-Jun-25, 0 devices found
[    0.835423] EDD information not available.
[    1.011373] Freeing unused kernel image memory: 2440K
[    1.024109] Write protecting the kernel read-only data: 20480k
[    1.026632] Freeing unused kernel image memory: 2008K
[    1.028415] Freeing unused kernel image memory: 1868K
[    1.038201] x86/mm: Checked W+X mappings: passed, no W+X pages found.
[    1.039882] x86/mm: Checking user space page tables
[    1.049671] x86/mm: Checked W+X mappings: passed, no W+X pages found.
Loading, please wait...
starting version 237
[    1.140688] Fusion MPT base driver 3.04.20
[    1.141787] Copyright (c) 1999-2008 LSI Corporation
[    1.148314] e1000: Intel(R) PRO/1000 Network Driver - version 7.3.21-k8-NAPI
[    1.150072] e1000: Copyright (c) 1999-2006 Intel Corporation.
[    1.157222] AVX2 version of gcm_enc/dec engaged.
[    1.158232] AES CTR mode by8 optimization enabled
[    1.171090] Fusion MPT SPI Host driver 3.04.20
[    1.358629] input: ImExPS/2 Generic Explorer Mouse as /devices/platform/i8042/serio1/input/input4
[    1.756325] e1000 0000:00:03.0 eth0: (PCI:33MHz:32-bit) 02:fe:a8:8b:96:c3
[    1.759578] e1000 0000:00:03.0 eth0: Intel(R) PRO/1000 Network Connection
[    1.763181] mptbase: ioc0: Initiating bringup
[    3.754872] ioc0: LSI53C1030 A0: Capabilities={Initiator}
[    8.153537] scsi host2: ioc0: LSI53C1030 A0, FwRev=00000000h, Ports=1, MaxQ=256, IRQ=20
[   12.216559] scsi 2:0:0:0: Direct-Access     VBOX     HARDDISK         1.0  PQ: 0 ANSI: 5
[   12.256098] scsi target2:0:0: Beginning Domain Validation
[   12.258270] scsi target2:0:0: Domain Validation skipping write tests
[   12.259478] scsi target2:0:0: Ending Domain Validation
[   12.260536] scsi target2:0:0: asynchronous
[   12.262281] scsi 2:0:1:0: Direct-Access     VBOX     HARDDISK         1.0  PQ: 0 ANSI: 5
[   12.564256] scsi target2:0:1: Beginning Domain Validation
[   12.566786] random: fast init done
[   12.568028] scsi target2:0:1: Domain Validation skipping write tests
[   12.569655] scsi target2:0:1: Ending Domain Validation
[   12.571346] scsi target2:0:1: asynchronous
[   12.578324] sd 2:0:0:0: [sda] 83886080 512-byte logical blocks: (42.9 GB/40.0 GiB)
[   12.579245] random: systemd-udevd: uninitialized urandom read (16 bytes read)
[   12.580330] sd 2:0:0:0: [sda] Write Protect is off
[   12.581572] random: systemd-udevd: uninitialized urandom read (16 bytes read)
[   12.583930] random: systemd-udevd: uninitialized urandom read (16 bytes read)
[   12.584000] sd 2:0:0:0: Attached scsi generic sg0 type 0
[   12.585741] e1000 0000:00:08.0 eth1: (PCI:33MHz:32-bit) 08:00:27:9c:69:b3
[   12.586734] sd 2:0:0:0: [sda] Incomplete mode parameter data
[   12.587909] e1000 0000:00:08.0 eth1: Intel(R) PRO/1000 Network Connection
[   12.589246] sd 2:0:0:0: [sda] Assuming drive cache: write through
[   12.592166] sd 2:0:1:0: Attached scsi generic sg1 type 0
[   12.593237] e1000 0000:00:08.0 enp0s8: renamed from eth1
[   12.595271] sd 2:0:1:0: [sdb] 20480 512-byte logical blocks: (10.5 MB/10.0 MiB)
[   12.596887] sd 2:0:1:0: [sdb] Write Protect is off
[   12.597885]  sda: sda1
[   12.600588] sd 2:0:1:0: [sdb] Incomplete mode parameter data
[   12.600743] sd 2:0:0:0: [sda] Attached SCSI disk
[   12.601747] sd 2:0:1:0: [sdb] Assuming drive cache: write through
[   12.622550] e1000 0000:00:03.0 enp0s3: renamed from eth0
[   12.623190] sd 2:0:1:0: [sdb] Attached SCSI disk
Begin: Loading essential drivers ... [   14.588158] raid6: sse2x1   gen() 11205 MB/s
[   14.646127] raid6: sse2x1   xor()  7203 MB/s
[   14.704037] raid6: sse2x2   gen() 13512 MB/s
[   14.776863] raid6: sse2x2   xor()  8227 MB/s
[   14.824333] raid6: sse2x4   gen() 12209 MB/s
[   14.872952] raid6: sse2x4   xor()  7211 MB/s
[   14.928918] raid6: avx2x1   gen() 19499 MB/s
[   14.984329] raid6: avx2x1   xor() 12965 MB/s
[   15.032370] raid6: avx2x2   gen() 20182 MB/s
[   15.084082] raid6: avx2x2   xor() 12595 MB/s
[   15.132281] raid6: avx2x4   gen() 22489 MB/s
[   15.181287] raid6: avx2x4   xor() 13775 MB/s
[   15.182173] raid6: using algorithm avx2x4 gen() 22489 MB/s
[   15.183172] raid6: .... xor() 13775 MB/s, rmw enabled
[   15.184098] raid6: using avx2x2 recovery algorithm
[   15.187386] xor: automatically using best checksumming function   avx       
[   15.191341] async_tx: api initialized (async)
done.
Begin: Running /scripts/init-premount ... done.
Begin: Mounting root file system ... Begin: Running /scripts/local-top ... done.
Begin: Running /scripts/local-premount ... [   15.254585] Btrfs loaded, crc32c=crc32c-intel
Scanning for Btrfs filesystems
done.
Warning: fsck not present, so skipping root file system
[   15.295430] EXT4-fs (sda1): mounted filesystem with ordered data mode. Opts: (null)
done.
Begin: Running /scripts/local-bottom ... done.
Begin: Running /scripts/init-bottom ... done.
[   15.493146] ip_tables: (C) 2000-2006 Netfilter Core Team
[   15.504333] systemd[1]: systemd 237 running in system mode. (+PAM +AUDIT +SELINUX +IMA +APPARMOR +SMACK +SYSVINIT +UTMP +LIBCRYPTSETUP +GCRYPT +GNUTLS +ACL +XZ +LZ4 +SECCOMP +BLKID +ELFUTILS +KMOD -IDN2 +IDN -PCRE2 default-hierarchy=hybrid)
[   15.508234] systemd[1]: Detected virtualization oracle.
[   15.509300] systemd[1]: Detected architecture x86-64.

Welcome to [1mUbuntu 18.04.5 LTS[0m!

[   15.518320] systemd[1]: Set hostname to <ubuntu>.
[   15.521953] systemd[1]: Initializing machine ID from random generator.
[   15.523335] systemd[1]: Installed transient /etc/machine-id file.
[   15.772472] systemd[1]: Reached target User and Group Name Lookups.
[[0;32m  OK  [0m] Reached target User and Group Name Lookups.
[   15.774903] systemd[1]: Reached target System Time Synchronized.
[[0;32m  OK  [0m] Reached target System Time Synchronized.
[   15.778672] systemd[1]: Created slice User and Session Slice.
[[0;32m  OK  [0m] Created slice User and Session Slice.
[   15.780759] systemd[1]: Reached target Swap.
[[0;32m  OK  [0m] Reached target Swap.
[[0;32m  OK  [0m] Set up automount Arbitrary Executab…rmats File System Automount Point.
[[0;32m  OK  [0m] Started Forward Password Requests to Wall Directory Watch.
[[0;32m  OK  [0m] Created slice System Slice.
[[0;32m  OK  [0m] Listening on /dev/initctl Compatibility Named Pipe.
[[0;32m  OK  [0m] Reached target Slices.
[[0;32m  OK  [0m] Listening on LVM2 poll daemon socket.
[[0;32m  OK  [0m] Listening on udev Kernel Socket.
[[0;32m  OK  [0m] Listening on LVM2 metadata daemon socket.
[[0;32m  OK  [0m] Created slice system-serial\x2dgetty.slice.
[[0;32m  OK  [0m] Listening on fsck to fsckd communication Socket.
[[0;32m  OK  [0m] Listening on Syslog Socket.
[[0;32m  OK  [0m] Listening on Network Service Netlink Socket.
[[0;32m  OK  [0m] Listening on udev Control Socket.
[[0;32m  OK  [0m] Listening on Journal Socket.
         Mounting Kernel Debug File System...
         Mounting Huge Pages File System...
         Starting Load Kernel Modules...
         Mounting POSIX Message Queue File System...
         Starting File System Check on Root Device...
         Starting Create list of required st…ce nodes for the current kernel...
[[0;32m  OK  [0m] Listening on Journal Audit Socket.
         Starting Set the console keyboard layout...
[[0;32m  OK  [0m] Listening on Journal Socket (/dev/log).
         Starting Uncomplicated firewall...
         Starting udev Coldplug all Devices...
         Starting Journal Service...
[[0;32m  OK  [0m] Listening on Device-mapper event daemon FIFOs.
         Starting Monitoring of LVM2 mirrors…ng dmeventd or progress polling...
[   15.837606] Loading iSCSI transport class v2.0-870.
[[0;32m  OK  [0m] Mounted Kernel Debug File System.
[[0;32m  OK  [0m] Mounted Huge Pages File System.
[[0;32m  OK  [0m] Mounted POSIX Message Queue File System.
[   15.847684] iscsi: registered transport (tcp)
[   15.868650] iscsi: registered transport (iser)
[[0;32m  OK  [0m] Started Load Kernel Modules.
         Mounting FUSE Control File System...
         Mounting Kernel Configuration File System...
         Starting Apply Kernel Variables...
[[0;32m  OK  [0m] Mounted FUSE Control File System.
[[0;32m  OK  [0m] Started Create list of required sta…vice nodes for the current kernel.
[[0;32m  OK  [0m] Mounted Kernel Configuration File System.
[[0;32m  OK  [0m] Started File System Check Daemon to report status.
         Starting Create Static Device Nodes in /dev...
[[0;32m  OK  [0m] Started Uncomplicated firewall.
[[0;32m  OK  [0m] Started LVM2 metadata daemon.
[[0;32m  OK  [0m] Started udev Coldplug all Devices.
[[0;32m  OK  [0m] Started Journal Service.
[[0;32m  OK  [0m] Started Create Static Device Nodes in /dev.
[[0;32m  OK  [0m] Started File System Check on Root Device.
         Starting Remount Root and Kernel File Systems...
[[0;32m  OK  [0m] Started Apply Kernel Variables.
[[0;32m  OK  [0m] Started Remount Root and Kernel File Systems.
         Starting Load/Save Random Seed...
         Starting udev Kernel Device Manager...
         Starting Flush Journal to Persistent Storage...
[[0;32m  OK  [0m] Started Monitoring of LVM2 mirrors,…sing dmeventd or progress polling.
[[0;32m  OK  [0m] Started Load/Save Random Seed.
[[0;32m  OK  [0m] Started udev Kernel Device Manager.
[[0;32m  OK  [0m] Started Set the console keyboard layout.
[[0;32m  OK  [0m] Started Dispatch Password Requests to Console Directory Watch.
[[0;32m  OK  [0m] Reached target Local Encrypted Volumes.
[[0;32m  OK  [0m] Reached target Local File Systems (Pre).
[[0;32m  OK  [0m] Reached target Local File Systems.
         Starting Set console font and keymap...
         Starting Commit a transient machine-id on disk...
         Starting ebtables ruleset management...
         Starting Tell Plymouth To Write Out Runtime Data...
         Starting AppArmor initialization...
[[0;32m  OK  [0m] Started Flush Journal to Persistent Storage.
[[0;32m  OK  [0m] Started Set console font and keymap.
         Starting Create Volatile Files and Directories...
[[0;32m  OK  [0m] Started Tell Plymouth To Write Out Runtime Data.
[[0;32m  OK  [0m] Started Create Volatile Files and Directories.
         Starting Update UTMP about System Boot/Shutdown...
[[0;32m  OK  [0m] Started Commit a transient machine-id on disk.
[[0;32m  OK  [0m] Started Update UTMP about System Boot/Shutdown.
[[0;32m  OK  [0m] Started ebtables ruleset management.
[[0;32m  OK  [0m] Found device /dev/ttyS0.
[[0;32m  OK  [0m] Listening on Load/Save RF Kill Switch Status /dev/rfkill Watch.
[[0;32m  OK  [0m] Started AppArmor initialization.
         Starting Load AppArmor profiles managed internally by snapd...
         Starting Initial cloud-init job (pre-networking)...
[[0;32m  OK  [0m] Started Load AppArmor profiles managed internally by snapd.
[   18.663666] cloud-init[564]: Cloud-init v. 20.4.1-0ubuntu1~18.04.1 running 'init-local' at Thu, 25 Mar 2021 18:39:29 +0000. Up 18.29 seconds.
[[0;32m  OK  [0m] Started Initial cloud-init job (pre-networking).
[[0;32m  OK  [0m] Reached target Network (Pre).
         Starting Network Service...
[[0;32m  OK  [0m] Started Network Service.
         Starting Wait for Network to be Configured...
         Starting Network Name Resolution...
[[0;32m  OK  [0m] Started Network Name Resolution.
[[0;32m  OK  [0m] Reached target Network.
[[0;32m  OK  [0m] Reached target Host and Network Name Lookups.
[[0;32m  OK  [0m] Started Wait for Network to be Configured.
         Starting Initial cloud-init job (metadata service crawler)...
[   20.499049] cloud-init[679]: Cloud-init v. 20.4.1-0ubuntu1~18.04.1 running 'init' at Thu, 25 Mar 2021 18:39:32 +0000. Up 20.34 seconds.
[   20.501787] cloud-init[679]: ci-info: ++++++++++++++++++++++++++++++++++++++Net device info+++++++++++++++++++++++++++++++++++++++
[   20.503566] cloud-init[679]: ci-info: +--------+-------+----------------------------+---------------+--------+-------------------+
[   20.505460] cloud-init[679]: ci-info: | Device |   Up  |          Address           |      Mask     | Scope  |     Hw-Address    |
[   20.507305] cloud-init[679]: ci-info: +--------+-------+----------------------------+---------------+--------+-------------------+
[   20.509274] cloud-init[679]: ci-info: | enp0s3 |  True |         10.0.2.15          | 255.255.255.0 | global | 02:fe:a8:8b:96:c3 |
[   20.511114] cloud-init[679]: ci-info: | enp0s3 |  True | fe80::fe:a8ff:fe8b:96c3/64 |       .       |  link  | 02:fe:a8:8b:96:c3 |
[   20.513067] cloud-init[679]: ci-info: | enp0s8 | False |             .              |       .       |   .    | 08:00:27:9c:69:b3 |
[   20.514317] cloud-init[679]: ci-info: |   lo   |  True |         127.0.0.1          |   255.0.0.0   |  host  |         .         |
[   20.515568] cloud-init[679]: ci-info: |   lo   |  True |          ::1/128           |       .       |  host  |         .         |
[   20.516808] cloud-init[679]: ci-info: +--------+-------+----------------------------+---------------+--------+-------------------+
[   20.518088] cloud-init[679]: ci-info: ++++++++++++++++++++++++++++Route IPv4 info+++++++++++++++++++++++++++++
[   20.519214] cloud-init[679]: ci-info: +-------+-------------+----------+-----------------+-----------+-------+
[   20.520397] cloud-init[679]: ci-info: | Route | Destination | Gateway  |     Genmask     | Interface | Flags |
[   20.521537] cloud-init[679]: ci-info: +-------+-------------+----------+-----------------+-----------+-------+
[   20.522611] cloud-init[679]: ci-info: |   0   |   0.0.0.0   | 10.0.2.2 |     0.0.0.0     |   enp0s3  |   UG  |
[   20.523692] cloud-init[679]: ci-info: |   1   |   10.0.2.0  | 0.0.0.0  |  255.255.255.0  |   enp0s3  |   U   |
[   20.524810] cloud-init[679]: ci-info: |   2   |   10.0.2.2  | 0.0.0.0  | 255.255.255.255 |   enp0s3  |   UH  |
[   20.525934] cloud-init[679]: ci-info: +-------+-------------+----------+-----------------+-----------+-------+
[   20.527114] cloud-init[679]: ci-info: +++++++++++++++++++Route IPv6 info+++++++++++++++++++
[   20.528253] cloud-init[679]: ci-info: +-------+-------------+---------+-----------+-------+
[   20.530991] cloud-init[679]: ci-info: | Route | Destination | Gateway | Interface | Flags |
[   20.531972] cloud-init[679]: ci-info: +-------+-------------+---------+-----------+-------+
[   20.533154] cloud-init[679]: ci-info: |   1   |  fe80::/64  |    ::   |   enp0s3  |   U   |
[   20.534118] cloud-init[679]: ci-info: |   3   |    local    |    ::   |   enp0s3  |   U   |
[   20.534972] cloud-init[679]: ci-info: |   4   |   ff00::/8  |    ::   |   enp0s3  |   U   |
[   20.535896] cloud-init[679]: ci-info: +-------+-------------+---------+-----------+-------+
[   21.190783] cloud-init[679]: Generating public/private rsa key pair.
[   21.191778] cloud-init[679]: Your identification has been saved in /etc/ssh/ssh_host_rsa_key.
[   21.192969] cloud-init[679]: Your public key has been saved in /etc/ssh/ssh_host_rsa_key.pub.
[   21.194175] cloud-init[679]: The key fingerprint is:
[   21.194914] cloud-init[679]: SHA256:jXRuC5d1KO1VTB3KIHmhWGB6d8vvAROfIAQGSxTnhGo root@ubuntu-bionic
[   21.196335] cloud-init[679]: The key's randomart image is:
[   21.197186] cloud-init[679]: +---[RSA 2048]----+
[   21.197870] cloud-init[679]: |    .=+Bo+.o.  +=|
[   21.198538] cloud-init[679]: |    ..O +.ooo...o|
[   21.199227] cloud-init[679]: |    .o +.++++oo  |
[   21.200136] cloud-init[679]: |   E  ...=+==o.  |
[   21.200901] cloud-init[679]: |  .     S *=.o   |
[   21.201608] cloud-init[679]: |         + .+    |
[   21.202286] cloud-init[679]: |          .  o   |
[   21.202948] cloud-init[679]: |            . .  |
[   21.203597] cloud-init[679]: |             .   |
[   21.204208] cloud-init[679]: +----[SHA256]-----+
[   21.204804] cloud-init[679]: Generating public/private dsa key pair.
[   21.205568] cloud-init[679]: Your identification has been saved in /etc/ssh/ssh_host_dsa_key.
[   21.206522] cloud-init[679]: Your public key has been saved in /etc/ssh/ssh_host_dsa_key.pub.
[   21.207470] cloud-init[679]: The key fingerprint is:
[   21.208091] cloud-init[679]: SHA256:HttyNTDuqbrH5u1RWHqXEB/dm5yOBwU/ro8ZB6VeJzk root@ubuntu-bionic
[   21.209173] cloud-init[679]: The key's randomart image is:
[   21.209827] cloud-init[679]: +---[DSA 1024]----+
[   21.210400] cloud-init[679]: |            ..o..|
[   21.211006] cloud-init[679]: |             o.oo|
[   21.212143] cloud-init[679]: |          o o +++|
[   21.212792] cloud-init[679]: |         . * o+B.|
[   21.213424] cloud-init[679]: |        S + =oEo.|
[   21.214036] cloud-init[679]: |       . = =.++=.|
[   21.214714] cloud-init[679]: |       .+ *  +.. |
[   21.215304] cloud-init[679]: |        += .  *  |
[   21.232432] cloud-init[679]: |      o*o.o  o . |
[   21.256554] cloud-init[679]: +----[SHA256]-----+
[   21.257340] cloud-init[679]: Generating public/private ecdsa key pair.
[   21.258073] cloud-init[679]: Your identification has been saved in /etc/ssh/ssh_host_ecdsa_key.
[   21.258952] cloud-init[679]: Your public key has been saved in /etc/ssh/ssh_host_ecdsa_key.pub.
[   21.259797] cloud-init[679]: The key fingerprint is:
[   21.260376] cloud-init[679]: SHA256:PkXenNn+h6fJnl0bECaWoyg0dYTeSsFH9/mGIYxV9qs root@ubuntu-bionic
[   21.261268] cloud-init[679]: The key's randomart image is:
[   21.262062] cloud-init[679]: +---[ECDSA 256]---+
[   21.262725] cloud-init[679]: |      ..++ o.o   |
[   21.263265] cloud-init[679]: |      .+..= + o  |
[   21.263813] cloud-init[679]: |     o. +..B * . |
[   21.264339] cloud-init[679]: |    . .o.+oo=+= .|
[   21.264857] cloud-init[679]: |     ...S.o =o.+ |
[   21.265368] cloud-init[679]: |      .o .   .+  |
[   21.265920] cloud-init[679]: |        o    E.o.|
[   21.266435] cloud-init[679]: |         .   ..=*|
[   21.266881] cloud-init[679]: |             .*++|
[   21.267328] cloud-init[679]: +----[SHA256]-----+
[   21.267805] cloud-init[679]: Generating public/private ed25519 key pair.
[   21.268543] cloud-init[679]: Your identification has been saved in /etc/ssh/ssh_host_ed25519_key.
[   21.269381] cloud-init[679]: Your public key has been saved in /etc/ssh/ssh_host_ed25519_key.pub.
[   21.270240] cloud-init[679]: The key fingerprint is:
[   21.270777] cloud-init[679]: SHA256:PZbzybbpj8ecVNUrQ2X0vsAZRTdWCBt0Z6vhDlToUtA root@ubuntu-bionic
[   21.271629] cloud-init[679]: The key's randomart image is:
[   21.272252] cloud-init[679]: +--[ED25519 256]--+
[   21.272816] cloud-init[679]: |         .o.=o=XB|
[   21.273338] cloud-init[679]: |           E.==oB|
[   21.273827] cloud-init[679]: |          o.oo .+|
[   21.274426] cloud-init[679]: |         o.ooo=o.|
[   21.274936] cloud-init[679]: |        S B. *o..|
[   21.275425] cloud-init[679]: |         . =o.o .|
[   21.275921] cloud-init[679]: |            == o |
[   21.276450] cloud-init[679]: |           . +=  |
[   21.277086] cloud-init[679]: |           .=o.  |
[   21.277664] cloud-init[679]: +----[SHA256]-----+
[[0;32m  OK  [0m] Started Initial cloud-init job (metadata service crawler).
[[0;32m  OK  [0m] Reached target Network is Online.
         Starting Availability of block devices...
[[0;32m  OK  [0m] Reached target Remote File Systems (Pre).
[[0;32m  OK  [0m] Reached target Remote File Systems.
[[0;32m  OK  [0m] Reached target Cloud-config availability.
[[0;32m  OK  [0m] Reached target System Initialization.
[[0;32m  OK  [0m] Started Daily Cleanup of Temporary Directories.
         Starting LXD - unix socket.
[[0;32m  OK  [0m] Started Discard unused blocks once a week.
[[0;32m  OK  [0m] Listening on ACPID Listen Socket.
[[0;32m  OK  [0m] Started Message of the Day.
[[0;32m  OK  [0m] Listening on Open-iSCSI iscsid Socket.
         Starting Socket activation for snappy daemon.
[[0;32m  OK  [0m] Started ACPI Events Check.
[[0;32m  OK  [0m] Reached target Paths.
[[0;32m  OK  [0m] Listening on UUID daemon activation socket.
[[0;32m  OK  [0m] Started Daily apt download activities.
[[0;32m  OK  [0m] Started Daily apt upgrade and clean activities.
[[0;32m  OK  [0m] Reached target Timers.
[[0;32m  OK  [0m] Listening on D-Bus System Message Bus Socket.
[[0;32m  OK  [0m] Listening on LXD - unix socket.
[[0;32m  OK  [0m] Listening on Socket activation for snappy daemon.
[[0;32m  OK  [0m] Started Availability of block devices.
[[0;32m  OK  [0m] Reached target Sockets.
[[0;32m  OK  [0m] Reached target Basic System.
[[0;32m  OK  [0m] Started irqbalance daemon.
         Starting Dispatcher daemon for systemd-networkd...
         Starting Permit User Sessions...
[[0;32m  OK  [0m] Started Regular background program processing daemon.
         Starting Pollinate to seed the pseudo random number generator...
         Starting LSB: Record successful boot for GRUB...
         Starting LSB: automatic crash report generation...
[[0;32m  OK  [0m] Started FUSE filesystem for LXC.
         Starting Snap Daemon...
         Starting Accounts Service...
[[0;32m  OK  [0m] Started Deferred execution scheduler.
[[0;32m  OK  [0m] Started D-Bus System Message Bus.
         Starting System Logging Service...
         Starting Login Service...
         Starting Virtualbox guest utils...
         Starting LXD - container startup/shutdown...
[[0;32m  OK  [0m] Started Permit User Sessions.
[[0;32m  OK  [0m] Started System Logging Service.
[[0;32m  OK  [0m] Started Login Service.
[[0;32m  OK  [0m] Started Unattended Upgrades Shutdown.
         Starting Authorization Manager...
         Starting Terminate Plymouth Boot Screen...
         Starting Hold until boot process finishes up...
[[0;32m  OK  [0m] Started Terminate Plymouth Boot Screen.
[[0;32m  OK  [0m] Started Hold until boot process finishes up.
[[0;32m  OK  [0m] Started Serial Getty on ttyS0.
         Starting Set console scheme...
[[0;32m  OK  [0m] Started LSB: automatic crash report generation.
[[0;32m  OK  [0m] Started Set console scheme.
[[0;32m  OK  [0m] Created slice system-getty.slice.
[[0;32m  OK  [0m] Started Getty on tty1.
[[0;32m  OK  [0m] Reached target Login Prompts.
[[0;32m  OK  [0m] Started LSB: Record successful boot for GRUB.
[[0;32m  OK  [0m] Started Dispatcher daemon for systemd-networkd.
[[0;32m  OK  [0m] Started Authorization Manager.
[[0;32m  OK  [0m] Started Accounts Service.
[[0;32m  OK  [0m] Started LXD - container startup/shutdown.
[[0;32m  OK  [0m] Started Virtualbox guest utils.
[[0;32m  OK  [0m] Started Snap Daemon.
         Starting Wait until snapd is fully seeded...
[[0;32m  OK  [0m] Started Pollinate to seed the pseudo random number generator.
         Starting OpenBSD Secure Shell server...
[[0;32m  OK  [0m] Started OpenBSD Secure Shell server.

Ubuntu 18.04.5 LTS ubuntu-bionic ttyS0

ubuntu-bionic login: [   28.582982] cloud-init[1235]: Cloud-init v. 20.4.1-0ubuntu1~18.04.1 running 'modules:config' at Thu, 25 Mar 2021 18:39:39 +0000. Up 27.90 seconds.
ci-info: no authorized SSH keys fingerprints found for user ubuntu.
<14>Mar 25 18:39:41 ec2: 
<14>Mar 25 18:39:41 ec2: #############################################################
<14>Mar 25 18:39:41 ec2: -----BEGIN SSH HOST KEY FINGERPRINTS-----
<14>Mar 25 18:39:41 ec2: 1024 SHA256:HttyNTDuqbrH5u1RWHqXEB/dm5yOBwU/ro8ZB6VeJzk root@ubuntu-bionic (DSA)
<14>Mar 25 18:39:41 ec2: 256 SHA256:PkXenNn+h6fJnl0bECaWoyg0dYTeSsFH9/mGIYxV9qs root@ubuntu-bionic (ECDSA)
<14>Mar 25 18:39:41 ec2: 256 SHA256:PZbzybbpj8ecVNUrQ2X0vsAZRTdWCBt0Z6vhDlToUtA root@ubuntu-bionic (ED25519)
<14>Mar 25 18:39:41 ec2: 2048 SHA256:jXRuC5d1KO1VTB3KIHmhWGB6d8vvAROfIAQGSxTnhGo root@ubuntu-bionic (RSA)
<14>Mar 25 18:39:41 ec2: -----END SSH HOST KEY FINGERPRINTS-----
<14>Mar 25 18:39:41 ec2: #############################################################
-----BEGIN SSH HOST KEY KEYS-----
ecdsa-sha2-nistp256 AAAAE2VjZHNhLXNoYTItbmlzdHAyNTYAAAAIbmlzdHAyNTYAAABBBFubEHV/mmsmsnSJkxNXDIXyS68BBeYRxC/JJxd6+xBCt8JyZW8mbUEtgEeu12Wo/0IlqcOH8hpXokspB8gMr5k= root@ubuntu-bionic
ssh-ed25519 AAAAC3NzaC1lZDI1NTE5AAAAIFnNYmc9T9pFxF85FFOTafqoUq5qVn0rrrfFDmyQ/Pz9 root@ubuntu-bionic
ssh-rsa AAAAB3NzaC1yc2EAAAADAQABAAABAQDTD58Gge03yvheQeEZunVx4CTLRe3YSln4yCr/Y3STVgBB+kxFiIkby0ZbbEeFfBLo5cqO8aSuX7PCIm7TU9VLS/5onKzPHhzRfLPuakMMYyqVhy3oWL6z87KOHy5rzQ+C926VFGHZJnLDCMliOLtf+r+SIjlhENbvedCkeOGCm+KMmruHozkfI1ul0oMT+s+yPHrd0uHSVulGYdda12UYPfVR9XpCzu8k9uqNa9Tj8F/myarqAhNg7W5yEkFt0BNSBr/iPfu6qYZ0/ikWNHe36q9xvAhk4RNHC0Fxgq0hAugpBUrJQD9xLACKK3gAUIopuiwugcxomxg8RigEDvVv root@ubuntu-bionic
-----END SSH HOST KEY KEYS-----
[   29.565800] cloud-init[1344]: Cloud-init v. 20.4.1-0ubuntu1~18.04.1 running 'modules:final' at Thu, 25 Mar 2021 18:39:40 +0000. Up 29.28 seconds.
[   29.566019] cloud-init[1344]: ci-info: no authorized SSH keys fingerprints found for user ubuntu.
[   29.566120] cloud-init[1344]: Cloud-init v. 20.4.1-0ubuntu1~18.04.1 finished at Thu, 25 Mar 2021 18:39:41 +0000. Datasource DataSourceNoCloud [seed=/dev/sdb][dsmode=net].  Up 29.54 seconds
[[0;32m  OK  [0m] Stopped Unattended Upgrades Shutdown.
         Stopping User Manager for UID 1000...
         Stopping Session 5 of user vagrant.
[[0;32m  OK  [0m] Stopped target Cloud-init target.
[[0;32m  OK  [0m] Closed Load/Save RF Kill Swit[[0;32m  OK  [0m] Closed Load/Save[[0;32m  OK  [0m] Stopped target Cloud-init target.
[[0;32m  OK  [0m] Stopped target Timers.
[[0;32m  OK  [0m] Stopped Daily Cleanup of Temporary Directories.
         Stopping Authorization Manager...
[[0;32m  OK  [0m] Stopped Message of the Day.
[[0;32m  OK  [0m] Stopped Execute cloud user/final scripts.
[[0;32m  OK  [0m] Stopped Apply the settings specified in cloud-config.
[[0;32m  OK  [0m] Stopped target Network is Online.
         Stopping Session 6 of user vagrant.
[[0;32m  OK  [0m] Stopped target Host and Network Name Lookups.
[[0;32m  OK  [0m] Stopped Daily apt upgrade and clean activities.
[[0;32m  OK  [0m] Stopped Daily apt download activities.
         Stopping User Manager for UID 1000...
[[0;32m  OK  [0m] Closed Load/Save RF Kill Switch Status /dev/rfkill Watch.
[[0;32m  OK  [0m] Stopped target Cloud-config availability.
[[0;32m  OK  [0m] Stopped target Gra         Stopping LSB: Record successful boot for GRUB...
         Stopping LXD - container startup/shutdown...
         Stopping Dispatcher daemon for systemd-networkd...
         Stopping LSB: automatic crash report generation...
         Stopping Regular background program processing daemon...
         Stopping D-Bus System Message Bus...
         Stopping irqbalance daemon...
         Stopping System Logging Service...
         Stopping Deferred execution scheduler...
[[0;32m  OK  [0m] Stopped Wait until snapd is fully seeded.
[[0;32m  OK  [0m] Stopped Discard unused blocks once a week.
         Stopping OpenBSD Secure Shell server...
[[0;32m  OK  [0m] Stopped target System Time Synchronized.
         Stopping Availability of block devices...
         Stopping FUSE filesystem for LXC...
         Stopping Accounts Service...
[[0;32m  OK  [0m] Stopped Dispatcher daemon for systemd-networkd.
[[0;32m  OK  [0m] Unmounted /var/lib/lxcfs.
[[0;32m  OK  [0m] Stopped irqbalance daemon.
[[0;32m  OK  [0m] Stopped Accounts Service.
[[0;32m  OK  [0m] Stopped Deferred execution scheduler.
[[0;32m  OK  [0m] Stopped System Logging Service.
[[0;32m  OK  [0m] Stopped Regular background program processing daemon.
[[0;32m  OK  [0m] Stopped Authorization Manager.
[[0;32m  OK  [0m] Stopped Serial Getty on ttyS0.
[[0;32m  OK  [0m] Stopped Getty on tty1.
[[0;32m  OK  [0m] Stopped OpenBSD Secure Shell server.
[[0;32m  OK  [0m] Stopped User Manager for UID 1000.
[[0;32m  OK  [0m] Stopped D-Bus System Message Bus.
[[0;32m  OK  [0m] Stopped FUSE filesystem for LXC.
[[0;32m  OK  [0m] Stopped Session 6 of user vagrant.
[[0;32m  OK  [0m] Stopped LXD - container startup/shutdown.
[[0;32m  OK  [0m] Stopped LSB: Record successful boot for GRUB.
[[0;32m  OK  [0m] Stopped Availability of block devices.
[[0;32m  OK  [0m] Removed slice User Slice of vagrant.
         Stopping Login Service...
[[0;32m  OK  [0m] Removed slice system-getty.slice.
[[0;32m  OK  [0m] Removed slice system-serial\x2dgetty.slice.
         Stopping Permit User Sessions...
[[0;32m  OK  [0m] Stopped LSB: automatic crash report generation.
[[0;32m  OK  [0m] Stopped Permit User Sessions.
[[0;32m  OK  [0m] Stopped target Network.
         Stopping Network Name Resolution...
[[0;32m  OK  [0m] Stopped target Remote File Systems.
[[0;32m  OK  [0m] Stopped target Remote File Systems (Pre).
[[0;32m  OK  [0m] Stopped Network Name Resolution.
[[0;32m  OK  [0m] Stopped Virtualbox guest utils.
         Stopping Network Service...
[[0;32m  OK  [0m] Stopped Login Service.
[[0;32m  OK  [0m] Stopped target User and Group Name Lookups.
[[0;32m  OK  [0m] Stopped target Basic System.
[[0;32m  OK  [0m] Stopped target Paths.
[[0;32m  OK  [0m] Stopped ACPI Events Check.
[[0;32m  OK  [0m] Stopped target Slices.
[[0;32m  OK  [0m] Removed slice User and Session Slice.
[[0;32m  OK  [0m] Stopped target Sockets.
[[0;32m  OK  [0m] Closed Socket activation for snappy daemon.
[[0;32m  OK  [0m] Closed D-Bus System Message Bus Socket.
[[0;32m  OK  [0m] Closed UUID daemon activation socket.
[[0;32m  OK  [0m] Closed Syslog Socket.
[[0;32m  OK  [0m] Closed LXD - unix socket.
[[0;32m  OK  [0m] Closed ACPID Listen Socket.
[[0;32m  OK  [0m] Closed Open-iSCSI iscsid Socket.
[[0;32m  OK  [0m] Stopped target System Initialization.
         Stopping Update UTMP about System Boot/Shutdown...
[[0;32m  OK  [0m] Stopped Commit a transient machine-id on disk.
[[0;32m  OK  [0m] Stopped Initial cloud-init job (metadata service crawler).
         Stopping Load/Save Random Seed...
[[0;32m  OK  [0m] Stopped target Local Encrypted Volumes.
[[0;32m  OK  [0m] Stopped Forward Password Requests to Wall Directory Watch.
[[0;32m  OK  [0m] Stopped Dispatch Password Requests to Console Directory Watch.
[[0;32m  OK  [0m] Stopped Network Service.
[[0;32m  OK  [0m] Stopped Load/Save Random Seed.
[[0;32m  OK  [0m] Stopped Apply Kernel Variables.
[[0;32m  OK  [0m] Stopped Load Kernel Modules.
[[0;32m  OK  [0m] Stopped target Network (Pre).
[[0;32m  OK  [0m] Stopped Initial cloud-init job (pre-networking).
[[0;32m  OK  [0m] Stopped Update UTMP about System Boot/Shutdown.
[[0;32m  OK  [0m] Stopped Create Volatile Files and Directories.
[[0;32m  OK  [0m] Stopped target Local File Systems.
         Unmounting /run/user/1000...
         Unmounting /configs...
[[0;32m  OK  [0m] Unmounted /configs.
[[0;32m  OK  [0m] Unmounted /run/user/1000.
[[0;32m  OK  [0m] Reached target Unmount All Filesystems.
[[0;32m  OK  [0m] Stopped target Swap.
[[0;32m  OK  [0m] Stopped target Local File Systems (Pre).
[[0;32m  OK  [0m] Stopped Remount Root and Kernel File Systems.
         Stopping Monitoring of LVM2 mirrors…ng dmeventd or progress polling...
[[0;32m  OK  [0m] Stopped Create Static Device Nodes in /dev.
[[0;32m  OK  [0m] Reached target Shutdown.
[[0;32m  OK  [0m] Reached target Final Step.
         Starting Power-Off...
[ 3619.634605] reboot: Power down
ernel Modules.
[[0;32m  OK  [0m] Reached target Unmount All Filesystems.
[[0;32m  OK  [0m] Stopped target Swap.
[[0;32m  OK  [0m] Stopped target Local File Systems (Pre).
         Stopping Monitoring of LVM2 mirrors…ng dmeventd or progress polling...
[[0;32m  OK  [0m] Stopped Create Static Device Nodes in /dev.
[[0;32m  OK  [0m] Stopped Remount Root and Kernel File Systems.
[[0;32m  OK  [0m] Reached target Shutdown.
[[0;32m  OK  [0m] Reached target Final Step.
         Starting Power-Off...
[[0;32m  OK  [0m] Stopped Monitoring of LVM2 mirrors,…sing dmeventd or progress polling.
         Stopping LVM2 metadata daemon...
[[0;32m  OK  [0m] Stopped LVM2 metadata daemon.
[  572.988602] reboot: Power down
l Step.
         Starting Power-Off...
[  383.454949] reboot: Power down
